<?xml version="1.0" encoding="UTF-8"?>
<testng-results ignored="0" total="1" passed="1" failed="0" skipped="0">
  <reporter-output>
  </reporter-output>
  <suite started-at="2023-05-25T08:14:13Z" name="Default suite" finished-at="2023-05-25T08:14:28Z" duration-ms="15375">
    <groups>
    </groups>
    <test started-at="2023-05-25T08:14:13Z" name="Default test" finished-at="2023-05-25T08:14:28Z" duration-ms="15375">
      <class name="practiSe.Test1">
        <test-method signature="demo()[pri:0, instance:practiSe.Test1@4416d64f]" started-at="2023-05-25T08:14:13Z" name="demo" finished-at="2023-05-25T08:14:28Z" duration-ms="15333" status="PASS">
          <reporter-output>
          </reporter-output>
        </test-method> <!-- demo -->
      </class> <!-- practiSe.Test1 -->
    </test> <!-- Default test -->
  </suite> <!-- Default suite -->
</testng-results>
