<?xml version="1.0" encoding="UTF-8"?>
<testng-results ignored="0" total="1" passed="1" failed="0" skipped="0">
  <reporter-output>
  </reporter-output>
  <suite started-at="2023-05-24T11:32:48Z" name="Default suite" finished-at="2023-05-24T11:33:47Z" duration-ms="58741">
    <groups>
    </groups>
    <test started-at="2023-05-24T11:32:48Z" name="Default test" finished-at="2023-05-24T11:33:47Z" duration-ms="58741">
      <class name="practiSe.Test1">
        <test-method signature="demo()[pri:0, instance:practiSe.Test1@10f7f7de]" started-at="2023-05-24T11:32:48Z" name="demo" finished-at="2023-05-24T11:33:47Z" duration-ms="58699" status="PASS">
          <reporter-output>
          </reporter-output>
        </test-method> <!-- demo -->
      </class> <!-- practiSe.Test1 -->
    </test> <!-- Default test -->
  </suite> <!-- Default suite -->
</testng-results>
